[2014-9-25] [8:32:8] [INFO] Log level set at: 1
[2014-9-25] [8:32:8] [INFO] Console started
[2014-9-25] [8:32:8] [INFO] Shut Down Hook Attached.
[2014-9-25] [8:32:8] [INFO] Loading Config
[2014-9-25] [8:32:8] [INFO] Reading XML File: Timekeeper.xml
[2014-9-25] [8:32:8] [INFO] Done Reading XML File: Timekeeper.xml
[2014-9-25] [8:32:8] [INFO] Loading ATECH
[2014-9-25] [8:32:8] [ALL] Reading XML File: resources/schools/ATECH2015.xml
[2014-9-25] [8:32:8] [INFO] Done Reading XML File: resources/schools/ATECH2015.xml
[2014-9-25] [8:32:8] [INFO] Loading ATECH Schedule
[2014-9-25] [8:32:8] [INFO] Loading ATECH Normal Schedule
[2014-9-25] [8:32:8] [ALL] Normal Class: Class{name='1', start=Time{hour=7, minute=15}, end=Time{hour=7, minute=57}, lunch=0, length=42} Loaded
[2014-9-25] [8:32:8] [ALL] Normal Class: Class{name='An', start=Time{hour=8, minute=1}, end=Time{hour=8, minute=6}, lunch=0, length=5} Loaded
[2014-9-25] [8:32:8] [ALL] Normal Class: Class{name='2', start=Time{hour=8, minute=6}, end=Time{hour=8, minute=48}, lunch=0, length=42} Loaded
[2014-9-25] [8:32:8] [ALL] Normal Class: Class{name='3', start=Time{hour=8, minute=52}, end=Time{hour=9, minute=38}, lunch=0, length=46} Loaded
[2014-9-25] [8:32:8] [ALL] Normal Class: Class{name='4', start=Time{hour=9, minute=38}, end=Time{hour=10, minute=20}, lunch=0, length=42} Loaded
[2014-9-25] [8:32:8] [ALL] Normal Class: Class{name='5', start=Time{hour=10, minute=24}, end=Time{hour=11, minute=6}, lunch=0, length=42} Loaded
[2014-9-25] [8:32:8] [ALL] Normal Class: Class{name='6', start=Time{hour=11, minute=10}, end=Time{hour=11, minute=52}, lunch=0, length=0} Loaded
[2014-9-25] [8:32:8] [ALL] Normal Class: Class{name='7', start=Time{hour=12, minute=26}, end=Time{hour=1, minute=8}, lunch=0, length=42} Loaded
[2014-9-25] [8:32:8] [ALL] Normal Class: Class{name='8', start=Time{hour=1, minute=12}, end=Time{hour=1, minute=54}, lunch=0, length=42} Loaded
[2014-9-25] [8:32:8] [ALL] Normal Class: Class{name='As', start=Time{hour=1, minute=54}, end=Time{hour=2, minute=15}, lunch=0, length=21} Loaded
[2014-9-25] [8:32:8] [INFO] Done loading ATECH Normal Schedule
[2014-9-25] [8:32:8] [INFO] Loading ATECH Wednesday Schedule
[2014-9-25] [8:32:8] [ALL] Wednesday Class: Class{name='1', start=Time{hour=7, minute=15}, end=Time{hour=8, minute=40}, lunch=0, length=85} Loaded
[2014-9-25] [8:32:8] [ALL] Wednesday Class: Class{name='An', start=Time{hour=8, minute=40}, end=Time{hour=8, minute=45}, lunch=0, length=5} Loaded
[2014-9-25] [8:32:8] [ALL] Wednesday Class: Class{name='3', start=Time{hour=8, minute=49}, end=Time{hour=10, minute=14}, lunch=0, length=85} Loaded
[2014-9-25] [8:32:8] [ALL] Wednesday Class: Class{name='5', start=Time{hour=10, minute=48}, end=Time{hour=12, minute=13}, lunch=0, length=85} Loaded
[2014-9-25] [8:32:8] [ALL] Wednesday Class: Class{name='7', start=Time{hour=12, minute=17}, end=Time{hour=1, minute=42}, lunch=0, length=85} Loaded
[2014-9-25] [8:32:8] [INFO] Done loading ATECH Wednesday Schedule
[2014-9-25] [8:32:8] [INFO] Loading ATECH Thursday Schedule
[2014-9-25] [8:32:8] [ALL] Thursday Class: Class{name='2', start=Time{hour=7, minute=15}, end=Time{hour=8, minute=40}, lunch=0, length=85} Loaded
[2014-9-25] [8:32:8] [ALL] Thursday Class: Class{name='An', start=Time{hour=8, minute=40}, end=Time{hour=8, minute=45}, lunch=0, length=5} Loaded
[2014-9-25] [8:32:8] [ALL] Thursday Class: Class{name='4', start=Time{hour=8, minute=49}, end=Time{hour=10, minute=14}, lunch=0, length=85} Loaded
[2014-9-25] [8:32:8] [ALL] Thursday Class: Class{name='6', start=Time{hour=10, minute=18}, end=Time{hour=11, minute=43}, lunch=0, length=0} Loaded
[2014-9-25] [8:32:8] [ALL] Thursday Class: Class{name='8', start=Time{hour=12, minute=17}, end=Time{hour=1, minute=42}, lunch=0, length=85} Loaded
[2014-9-25] [8:32:8] [INFO] Done loading ATECH Thursday Schedule
[2014-9-25] [8:32:8] [INFO] Loading ATECH Assembly Schedule
[2014-9-25] [8:32:8] [ALL] Assembly Class: Class{name='1', start=Time{hour=7, minute=15}, end=Time{hour=7, minute=50}, lunch=0, length=35} Loaded
[2014-9-25] [8:32:8] [ALL] Assembly Class: Class{name='2', start=Time{hour=7, minute=54}, end=Time{hour=8, minute=29}, lunch=0, length=35} Loaded
[2014-9-25] [8:32:8] [ALL] Assembly Class: Class{name='3', start=Time{hour=8, minute=33}, end=Time{hour=9, minute=8}, lunch=0, length=35} Loaded
[2014-9-25] [8:32:8] [ALL] Assembly Class: Class{name='4', start=Time{hour=9, minute=12}, end=Time{hour=9, minute=47}, lunch=0, length=35} Loaded
[2014-9-25] [8:32:8] [ALL] Assembly Class: Class{name='5', start=Time{hour=9, minute=51}, end=Time{hour=10, minute=26}, lunch=0, length=35} Loaded
[2014-9-25] [8:32:8] [ALL] Assembly Class: Class{name='6', start=Time{hour=10, minute=30}, end=Time{hour=11, minute=5}, lunch=0, length=0} Loaded
[2014-9-25] [8:32:8] [ALL] Assembly Class: Class{name='7', start=Time{hour=11, minute=39}, end=Time{hour=12, minute=14}, lunch=0, length=35} Loaded
[2014-9-25] [8:32:8] [ALL] Assembly Class: Class{name='8', start=Time{hour=12, minute=18}, end=Time{hour=1, minute=54}, lunch=0, length=96} Loaded
[2014-9-25] [8:32:8] [INFO] Done loading ATECH Assembly Schedule
[2014-9-25] [8:32:8] [INFO] Loading ATECH Holidays
[2014-9-25] [8:32:8] [ALL] Holiday: Holidays{name='Start Summer', day=6, month=4} Loaded
[2014-9-25] [8:32:8] [ALL] Holiday: Holidays{name='End Summer', day=8, month=24} Loaded
[2014-9-25] [8:32:8] [ALL] Holiday: Holidays{name='Labor Day', day=9, month=1} Loaded
[2014-9-25] [8:32:8] [ALL] Holiday: Holidays{name='Staff Development', day=9, month=2} Loaded
[2014-9-25] [8:32:8] [ALL] Holiday: Holidays{name='Nevada Day', day=10, month=31} Loaded
[2014-9-25] [8:32:8] [ALL] Holiday: Holidays{name='Veterans Day', day=11, month=10} Loaded
[2014-9-25] [8:32:9] [ALL] Holiday: Holidays{name='Veterans Day', day=11, month=11} Loaded
[2014-9-25] [8:32:9] [ALL] Holiday: Holidays{name='Thanksgiving', day=11, month=27} Loaded
[2014-9-25] [8:32:9] [ALL] Holiday: Holidays{name='Thanksgiving', day=11, month=28} Loaded
[2014-9-25] [8:32:9] [ALL] Holiday: Holidays{name='Martin Luther King, Jr. Day', day=1, month=19} Loaded
[2014-9-25] [8:32:9] [ALL] Holiday: Holidays{name='Presidents' Day', day=2, month=16} Loaded
[2014-9-25] [8:32:9] [ALL] Holiday: Holidays{name='Memorial Day', day=5, month=25} Loaded
[2014-9-25] [8:32:9] [INFO] Loading ATECH Teachers
[2014-9-25] [8:32:19] [INFO] Shutting Down
[2014-9-25] [8:32:19] [INFO] Saving Config
[2014-9-25] [8:32:19] [INFO] New File Set
[2014-9-25] [8:32:19] [INFO] Added Element: Timekeeper
[2014-9-25] [8:32:19] [ALL] Added [Timekeeper: null] to Document
[2014-9-25] [8:32:19] [INFO] Added Element: Colors
[2014-9-25] [8:32:19] [ALL] Added Colors to Timekeeper
[2014-9-25] [8:32:19] [INFO] Added Element: Foreground
[2014-9-25] [8:32:19] [ALL] Added Foreground to Colors
[2014-9-25] [8:32:19] [ALL] Added String java.awt.Color[r=0,g=0,b=0] to Foreground
[2014-9-25] [8:32:19] [ALL] Added Attribute Default with value of true to element Foreground
[2014-9-25] [8:32:19] [INFO] Added Element: Background
[2014-9-25] [8:32:19] [ALL] Added Background to Colors
[2014-9-25] [8:32:19] [ALL] Added String java.awt.Color[r=255,g=255,b=255] to Background
[2014-9-25] [8:32:19] [ALL] Added Attribute Default with value of true to element Background
[2014-9-25] [8:32:19] [INFO] Added Element: Lunch
[2014-9-25] [8:32:19] [ALL] Added Lunch to Timekeeper
[2014-9-25] [8:32:19] [ALL] Added String 1 to Lunch
[2014-9-25] [8:32:19] [ALL] Added Attribute Default with value of true to element Lunch
[2014-9-25] [8:32:19] [INFO] Added Element: School
[2014-9-25] [8:32:19] [ALL] Added School to Timekeeper
[2014-9-25] [8:32:19] [ALL] Added String ATECH to School
[2014-9-25] [8:32:19] [ALL] Added Attribute Default with value of true to element School
[2014-9-25] [8:32:19] [INFO] Added Element: Schools
[2014-9-25] [8:32:19] [ALL] Added Schools to Timekeeper
[2014-9-25] [8:32:19] [INFO] XML File: Timekeeper.xml saved
[2014-9-25] [8:32:19] [DEBUG] [com.falconraptor.utilities.files.Write.Write] File Recreated
[2014-9-25] [8:32:19] [DEBUG] [com.falconraptor.utilities.files.Write.close] File Saved
[2014-9-25] [8:32:19] [INFO] File Organized
[2014-9-25] [8:32:19] [INFO] Config Saved
[2014-9-25] [8:32:19] [DEBUG] [com.falconraptor.utilities.files.Write.Write] File Created
